<?xml version="1.0" encoding="UTF-8"?>
<testng-results skipped="0" failed="0" total="1" passed="1">
  <reporter-output>
  </reporter-output>
  <suite name="Default suite" duration-ms="22433" started-at="2019-12-11T18:07:24Z" finished-at="2019-12-11T18:07:46Z">
    <groups>
    </groups>
    <test name="Default test" duration-ms="22433" started-at="2019-12-11T18:07:24Z" finished-at="2019-12-11T18:07:46Z">
      <class name="com.crm.qa.testcases.ContactPageTest">
        <test-method status="PASS" signature="setUp()[pri:0, instance:com.crm.qa.testcases.ContactPageTest@2133c8f8]" name="setUp" is-config="true" duration-ms="18646" started-at="2019-12-11T23:37:24Z" finished-at="2019-12-11T23:37:42Z">
          <reporter-output>
          </reporter-output>
        </test-method> <!-- setUp -->
        <test-method status="PASS" signature="validateCreateNewContact()[pri:0, instance:com.crm.qa.testcases.ContactPageTest@2133c8f8]" name="validateCreateNewContact" duration-ms="3007" started-at="2019-12-11T23:37:42Z" finished-at="2019-12-11T23:37:45Z">
          <reporter-output>
          </reporter-output>
        </test-method> <!-- validateCreateNewContact -->
        <test-method status="PASS" signature="tearDown()[pri:0, instance:com.crm.qa.testcases.ContactPageTest@2133c8f8]" name="tearDown" is-config="true" duration-ms="764" started-at="2019-12-11T23:37:45Z" finished-at="2019-12-11T23:37:46Z">
          <reporter-output>
          </reporter-output>
        </test-method> <!-- tearDown -->
      </class> <!-- com.crm.qa.testcases.ContactPageTest -->
    </test> <!-- Default test -->
  </suite> <!-- Default suite -->
</testng-results>
